# JRE version: Java(TM) SE Runtime Environment (8.0_112-b16) (build 1.8.0_112-b16)
# Java VM: Java HotSpot(TM) 64-Bit Server VM (25.112-b16 mixed mode bsd-amd64 compressed oops)
Heap:
 PSYoungGen      total 1264640K, used 358537K [0x000000076ab00000, 0x00000007bdd00000, 0x00000007c0000000)
  eden space 1262080K, 28% used [0x000000076ab00000,0x00000007806f04c0,0x00000007b7b80000)
  from space 2560K, 87% used [0x00000007bb700000,0x00000007bb932288,0x00000007bb980000)
  to   space 36352K, 0% used [0x00000007bb980000,0x00000007bb980000,0x00000007bdd00000)
 ParOldGen       total 167936K, used 65346K [0x00000006c0000000, 0x00000006ca400000, 0x000000076ab00000)
  object space 167936K, 38% used [0x00000006c0000000,0x00000006c3fd0b90,0x00000006ca400000)
 Metaspace       used 40286K, capacity 43033K, committed 43264K, reserved 1087488K
  class space    used 4776K, capacity 5311K, committed 5376K, reserved 1048576K
GC Heap History (10 events):
Event: 25.972 GC heap before
{Heap before GC invocations=11 (full 1):
 PSYoungGen      total 1070080K, used 621172K [0x000000076ab00000, 0x00000007c0000000, 0x00000007c0000000)
  eden space 1039360K, 57% used [0x000000076ab00000,0x000000078f021020,0x00000007aa200000)
  from space 30720K, 84% used [0x00000007aa200000,0x00000007abb7c030,0x00000007ac000000)
  to   space 33792K, 0% used [0x00000007bdf00000,0x00000007bdf00000,0x00000007c0000000)
 ParOldGen       total 114176K, used 24332K [0x00000006c0000000, 0x00000006c6f80000, 0x000000076ab00000)
  object space 114176K, 21% used [0x00000006c0000000,0x00000006c17c31c0,0x00000006c6f80000)
 Metaspace       used 34093K, capacity 35339K, committed 35456K, reserved 1081344K
  class space    used 4163K, capacity 4418K, committed 4480K, reserved 1048576K
Event: 26.000 GC heap after
Heap after GC invocations=11 (full 1):
 PSYoungGen      total 1354752K, used 31819K [0x000000076ab00000, 0x00000007c0000000, 0x00000007c0000000)
  eden space 1320960K, 0% used [0x000000076ab00000,0x000000076ab00000,0x00000007bb500000)
  from space 33792K, 94% used [0x00000007bdf00000,0x00000007bfe12cf8,0x00000007c0000000)
  to   space 38400K, 0% used [0x00000007bb500000,0x00000007bb500000,0x00000007bda80000)
 ParOldGen       total 114176K, used 24340K [0x00000006c0000000, 0x00000006c6f80000, 0x000000076ab00000)
  object space 114176K, 21% used [0x00000006c0000000,0x00000006c17c51c0,0x00000006c6f80000)
 Metaspace       used 34093K, capacity 35339K, committed 35456K, reserved 1081344K
  class space    used 4163K, capacity 4418K, committed 4480K, reserved 1048576K
}
Event: 26.000 GC heap before
{Heap before GC invocations=12 (full 2):
 PSYoungGen      total 1354752K, used 31819K [0x000000076ab00000, 0x00000007c0000000, 0x00000007c0000000)
  eden space 1320960K, 0% used [0x000000076ab00000,0x000000076ab00000,0x00000007bb500000)
  from space 33792K, 94% used [0x00000007bdf00000,0x00000007bfe12cf8,0x00000007c0000000)
  to   space 38400K, 0% used [0x00000007bb500000,0x00000007bb500000,0x00000007bda80000)
 ParOldGen       total 114176K, used 24340K [0x00000006c0000000, 0x00000006c6f80000, 0x000000076ab00000)
  object space 114176K, 21% used [0x00000006c0000000,0x00000006c17c51c0,0x00000006c6f80000)
 Metaspace       used 34093K, capacity 35339K, committed 35456K, reserved 1081344K
  class space    used 4163K, capacity 4418K, committed 4480K, reserved 1048576K
Event: 26.087 GC heap after
Heap after GC invocations=12 (full 2):
 PSYoungGen      total 1354752K, used 0K [0x000000076ab00000, 0x00000007c0000000, 0x00000007c0000000)
  eden space 1320960K, 0% used [0x000000076ab00000,0x000000076ab00000,0x00000007bb500000)
  from space 33792K, 0% used [0x00000007bdf00000,0x00000007bdf00000,0x00000007c0000000)
  to   space 38400K, 0% used [0x00000007bb500000,0x00000007bb500000,0x00000007bda80000)
 ParOldGen       total 167936K, used 52150K [0x00000006c0000000, 0x00000006ca400000, 0x000000076ab00000)
  object space 167936K, 31% used [0x00000006c0000000,0x00000006c32edad0,0x00000006ca400000)
 Metaspace       used 34093K, capacity 35339K, committed 35456K, reserved 1081344K
  class space    used 4163K, capacity 4418K, committed 4480K, reserved 1048576K
}
Event: 95.708 GC heap before
{Heap before GC invocations=13 (full 2):
 PSYoungGen      total 1354752K, used 1320960K [0x000000076ab00000, 0x00000007c0000000, 0x00000007c0000000)
  eden space 1320960K, 100% used [0x000000076ab00000,0x00000007bb500000,0x00000007bb500000)
  from space 33792K, 0% used [0x00000007bdf00000,0x00000007bdf00000,0x00000007c0000000)
  to   space 38400K, 0% used [0x00000007bb500000,0x00000007bb500000,0x00000007bda80000)
 ParOldGen       total 167936K, used 52150K [0x00000006c0000000, 0x00000006ca400000, 0x000000076ab00000)
  object space 167936K, 31% used [0x00000006c0000000,0x00000006c32edad0,0x00000006ca400000)
 Metaspace       used 36857K, capacity 38903K, committed 39168K, reserved 1083392K
  class space    used 4421K, capacity 4818K, committed 4864K, reserved 1048576K
Event: 95.720 GC heap after
Heap after GC invocations=13 (full 2):
 PSYoungGen      total 1359360K, used 16912K [0x000000076ab00000, 0x00000007c0000000, 0x00000007c0000000)
  eden space 1320960K, 0% used [0x000000076ab00000,0x000000076ab00000,0x00000007bb500000)
  from space 38400K, 44% used [0x00000007bb500000,0x00000007bc584330,0x00000007bda80000)
  to   space 36352K, 0% used [0x00000007bdc80000,0x00000007bdc80000,0x00000007c0000000)
 ParOldGen       total 167936K, used 52158K [0x00000006c0000000, 0x00000006ca400000, 0x000000076ab00000)
  object space 167936K, 31% used [0x00000006c0000000,0x00000006c32efad0,0x00000006ca400000)
 Metaspace       used 36857K, capacity 38903K, committed 39168K, reserved 1083392K
  class space    used 4421K, capacity 4818K, committed 4864K, reserved 1048576K
}
Event: 99.655 GC heap before
{Heap before GC invocations=14 (full 2):
 PSYoungGen      total 1359360K, used 1337872K [0x000000076ab00000, 0x00000007c0000000, 0x00000007c0000000)
  eden space 1320960K, 100% used [0x000000076ab00000,0x00000007bb500000,0x00000007bb500000)
  from space 38400K, 44% used [0x00000007bb500000,0x00000007bc584330,0x00000007bda80000)
  to   space 36352K, 0% used [0x00000007bdc80000,0x00000007bdc80000,0x00000007c0000000)
 ParOldGen       total 167936K, used 52158K [0x00000006c0000000, 0x00000006ca400000, 0x000000076ab00000)
  object space 167936K, 31% used [0x00000006c0000000,0x00000006c32efad0,0x00000006ca400000)
 Metaspace       used 38213K, capacity 40355K, committed 40704K, reserved 1085440K
  class space    used 4562K, capacity 5002K, committed 5120K, reserved 1048576K
Event: 99.671 GC heap after
Heap after GC invocations=14 (full 2):
 PSYoungGen      total 1357312K, used 4154K [0x000000076ab00000, 0x00000007bfe00000, 0x00000007c0000000)
  eden space 1323008K, 0% used [0x000000076ab00000,0x000000076ab00000,0x00000007bb700000)
  from space 34304K, 12% used [0x00000007bdc80000,0x00000007be08ea78,0x00000007bfe00000)
  to   space 36352K, 0% used [0x00000007bb700000,0x00000007bb700000,0x00000007bda80000)
 ParOldGen       total 167936K, used 63586K [0x00000006c0000000, 0x00000006ca400000, 0x000000076ab00000)
  object space 167936K, 37% used [0x00000006c0000000,0x00000006c3e18b90,0x00000006ca400000)
 Metaspace       used 38213K, capacity 40355K, committed 40704K, reserved 1085440K
  class space    used 4562K, capacity 5002K, committed 5120K, reserved 1048576K
}
Event: 190.466 GC heap before
{Heap before GC invocations=15 (full 2):
 PSYoungGen      total 1357312K, used 1327162K [0x000000076ab00000, 0x00000007bfe00000, 0x00000007c0000000)
  eden space 1323008K, 100% used [0x000000076ab00000,0x00000007bb700000,0x00000007bb700000)
  from space 34304K, 12% used [0x00000007bdc80000,0x00000007be08ea78,0x00000007bfe00000)
  to   space 36352K, 0% used [0x00000007bb700000,0x00000007bb700000,0x00000007bda80000)
 ParOldGen       total 167936K, used 63586K [0x00000006c0000000, 0x00000006ca400000, 0x000000076ab00000)
  object space 167936K, 37% used [0x00000006c0000000,0x00000006c3e18b90,0x00000006ca400000)
 Metaspace       used 40272K, capacity 43033K, committed 43264K, reserved 1087488K
  class space    used 4776K, capacity 5311K, committed 5376K, reserved 1048576K
Event: 190.475 GC heap after
Heap after GC invocations=15 (full 2):
 PSYoungGen      total 1264640K, used 2248K [0x000000076ab00000, 0x00000007bdd00000, 0x00000007c0000000)
  eden space 1262080K, 0% used [0x000000076ab00000,0x000000076ab00000,0x00000007b7b80000)
  from space 2560K, 87% used [0x00000007bb700000,0x00000007bb932288,0x00000007bb980000)
  to   space 36352K, 0% used [0x00000007bb980000,0x00000007bb980000,0x00000007bdd00000)
 ParOldGen       total 167936K, used 65346K [0x00000006c0000000, 0x00000006ca400000, 0x000000076ab00000)
  object space 167936K, 38% used [0x00000006c0000000,0x00000006c3fd0b90,0x00000006ca400000)
 Metaspace       used 40272K, capacity 43033K, committed 43264K, reserved 1087488K
  class space    used 4776K, capacity 5311K, committed 5376K, reserved 1048576K
}

